# JRE version: OpenJDK Runtime Environment (11.0.13) (build 11.0.13+0-b1751.21-8125866)
# Java VM: OpenJDK 64-Bit Server VM (11.0.13+0-b1751.21-8125866, mixed mode, tiered, compressed oops, g1 gc, windows-amd64)
Heap:
 garbage-first heap   total 697344K, used 245352K [0x0000000080000000, 0x0000000100000000)
  region size 1024K, 10 young (10240K), 10 survivors (10240K)
 Metaspace       used 134117K, capacity 137433K, committed 137600K, reserved 1169408K
  class space    used 16597K, capacity 17885K, committed 18048K, reserved 1048576K
GC Heap History (20 events):
Event: 9536.701 GC heap after
{Heap after GC invocations=78 (full 0):
 garbage-first heap   total 372736K, used 218426K [0x0000000080000000, 0x0000000100000000)
  region size 1024K, 3 young (3072K), 3 survivors (3072K)
 Metaspace       used 133511K, capacity 136860K, committed 137088K, reserved 1169408K
  class space    used 16574K, capacity 17861K, committed 18048K, reserved 1048576K
}
Event: 9536.780 GC heap before
{Heap before GC invocations=78 (full 0):
 garbage-first heap   total 372736K, used 233786K [0x0000000080000000, 0x0000000100000000)
  region size 1024K, 18 young (18432K), 3 survivors (3072K)
 Metaspace       used 133603K, capacity 136979K, committed 137344K, reserved 1169408K
  class space    used 16584K, capacity 17877K, committed 18048K, reserved 1048576K
}
Event: 9536.794 GC heap after
{Heap after GC invocations=79 (full 0):
 garbage-first heap   total 372736K, used 216192K [0x0000000080000000, 0x0000000100000000)
  region size 1024K, 2 young (2048K), 2 survivors (2048K)
 Metaspace       used 133603K, capacity 136979K, committed 137344K, reserved 1169408K
  class space    used 16584K, capacity 17877K, committed 18048K, reserved 1048576K
}
Event: 9537.156 GC heap before
{Heap before GC invocations=79 (full 0):
 garbage-first heap   total 372736K, used 311424K [0x0000000080000000, 0x0000000100000000)
  region size 1024K, 96 young (98304K), 2 survivors (2048K)
 Metaspace       used 133766K, capacity 137122K, committed 137344K, reserved 1169408K
  class space    used 16586K, capacity 17878K, committed 18048K, reserved 1048576K
}
Event: 9537.175 GC heap after
{Heap after GC invocations=80 (full 0):
 garbage-first heap   total 372736K, used 217673K [0x0000000080000000, 0x0000000100000000)
  region size 1024K, 3 young (3072K), 3 survivors (3072K)
 Metaspace       used 133766K, capacity 137122K, committed 137344K, reserved 1169408K
  class space    used 16586K, capacity 17878K, committed 18048K, reserved 1048576K
}
Event: 9537.716 GC heap before
{Heap before GC invocations=80 (full 0):
 garbage-first heap   total 372736K, used 313929K [0x0000000080000000, 0x0000000100000000)
  region size 1024K, 98 young (100352K), 3 survivors (3072K)
 Metaspace       used 133850K, capacity 137197K, committed 137600K, reserved 1169408K
  class space    used 16586K, capacity 17878K, committed 18048K, reserved 1048576K
}
Event: 9537.725 GC heap after
{Heap after GC invocations=81 (full 0):
 garbage-first heap   total 372736K, used 218109K [0x0000000080000000, 0x0000000100000000)
  region size 1024K, 4 young (4096K), 4 survivors (4096K)
 Metaspace       used 133850K, capacity 137197K, committed 137600K, reserved 1169408K
  class space    used 16586K, capacity 17878K, committed 18048K, reserved 1048576K
}
Event: 9538.060 GC heap before
{Heap before GC invocations=82 (full 0):
 garbage-first heap   total 372736K, used 315389K [0x0000000080000000, 0x0000000100000000)
  region size 1024K, 100 young (102400K), 4 survivors (4096K)
 Metaspace       used 133910K, capacity 137264K, committed 137600K, reserved 1169408K
  class space    used 16586K, capacity 17878K, committed 18048K, reserved 1048576K
}
Event: 9538.068 GC heap after
{Heap after GC invocations=83 (full 0):
 garbage-first heap   total 372736K, used 219174K [0x0000000080000000, 0x0000000100000000)
  region size 1024K, 5 young (5120K), 5 survivors (5120K)
 Metaspace       used 133910K, capacity 137264K, committed 137600K, reserved 1169408K
  class space    used 16586K, capacity 17878K, committed 18048K, reserved 1048576K
}
Event: 9538.130 GC heap before
{Heap before GC invocations=83 (full 0):
 garbage-first heap   total 372736K, used 232486K [0x0000000080000000, 0x0000000100000000)
  region size 1024K, 18 young (18432K), 5 survivors (5120K)
 Metaspace       used 133913K, capacity 137264K, committed 137600K, reserved 1169408K
  class space    used 16586K, capacity 17878K, committed 18048K, reserved 1048576K
}
Event: 9538.149 GC heap after
{Heap after GC invocations=84 (full 0):
 garbage-first heap   total 372736K, used 214977K [0x0000000080000000, 0x0000000100000000)
  region size 1024K, 1 young (1024K), 1 survivors (1024K)
 Metaspace       used 133913K, capacity 137264K, committed 137600K, reserved 1169408K
  class space    used 16586K, capacity 17878K, committed 18048K, reserved 1048576K
}
Event: 9538.460 GC heap before
{Heap before GC invocations=84 (full 0):
 garbage-first heap   total 372736K, used 315329K [0x0000000080000000, 0x0000000100000000)
  region size 1024K, 100 young (102400K), 1 survivors (1024K)
 Metaspace       used 133939K, capacity 137283K, committed 137600K, reserved 1169408K
  class space    used 16591K, capacity 17881K, committed 18048K, reserved 1048576K
}
Event: 9538.532 GC heap after
{Heap after GC invocations=85 (full 0):
 garbage-first heap   total 442368K, used 219101K [0x0000000080000000, 0x0000000100000000)
  region size 1024K, 5 young (5120K), 5 survivors (5120K)
 Metaspace       used 133939K, capacity 137283K, committed 137600K, reserved 1169408K
  class space    used 16591K, capacity 17881K, committed 18048K, reserved 1048576K
}
Event: 9539.154 GC heap before
{Heap before GC invocations=85 (full 0):
 garbage-first heap   total 442368K, used 355293K [0x0000000080000000, 0x0000000100000000)
  region size 1024K, 137 young (140288K), 5 survivors (5120K)
 Metaspace       used 133994K, capacity 137292K, committed 137600K, reserved 1169408K
  class space    used 16591K, capacity 17881K, committed 18048K, reserved 1048576K
}
Event: 9539.168 GC heap after
{Heap after GC invocations=86 (full 0):
 garbage-first heap   total 442368K, used 229417K [0x0000000080000000, 0x0000000100000000)
  region size 1024K, 14 young (14336K), 14 survivors (14336K)
 Metaspace       used 133994K, capacity 137292K, committed 137600K, reserved 1169408K
  class space    used 16591K, capacity 17881K, committed 18048K, reserved 1048576K
}
Event: 9539.621 GC heap before
{Heap before GC invocations=87 (full 0):
 garbage-first heap   total 442368K, used 362537K [0x0000000080000000, 0x0000000100000000)
  region size 1024K, 145 young (148480K), 14 survivors (14336K)
 Metaspace       used 134027K, capacity 137360K, committed 137600K, reserved 1169408K
  class space    used 16591K, capacity 17882K, committed 18048K, reserved 1048576K
}
Event: 9539.647 GC heap after
{Heap after GC invocations=88 (full 0):
 garbage-first heap   total 442368K, used 237775K [0x0000000080000000, 0x0000000100000000)
  region size 1024K, 12 young (12288K), 12 survivors (12288K)
 Metaspace       used 134027K, capacity 137360K, committed 137600K, reserved 1169408K
  class space    used 16591K, capacity 17882K, committed 18048K, reserved 1048576K
}
Event: 9539.672 GC heap before
{Heap before GC invocations=88 (full 0):
 garbage-first heap   total 442368K, used 245967K [0x0000000080000000, 0x0000000100000000)
  region size 1024K, 21 young (21504K), 12 survivors (12288K)
 Metaspace       used 134029K, capacity 137360K, committed 137600K, reserved 1169408K
  class space    used 16591K, capacity 17882K, committed 18048K, reserved 1048576K
}
Event: 9539.694 GC heap after
{Heap after GC invocations=89 (full 0):
 garbage-first heap   total 442368K, used 237568K [0x0000000080000000, 0x0000000100000000)
  region size 1024K, 2 young (2048K), 2 survivors (2048K)
 Metaspace       used 134029K, capacity 137360K, committed 137600K, reserved 1169408K
  class space    used 16591K, capacity 17882K, committed 18048K, reserved 1048576K
}
Event: 9540.037 GC heap before
{Heap before GC invocations=89 (full 0):
 garbage-first heap   total 442368K, used 365568K [0x0000000080000000, 0x0000000100000000)
  region size 1024K, 128 young (131072K), 2 survivors (2048K)
 Metaspace       used 134117K, capacity 137433K, committed 137600K, reserved 1169408K
  class space    used 16597K, capacity 17885K, committed 18048K, reserved 1048576K
}

